<?xml version="1.0" encoding="UTF-8"?>
<!-- Generated by org.testng.reporters.JUnitReportReporter -->
<testsuite skipped="0" hostname="DESKTOP-0LA27F3" name="com.zoopla.test.ZooplaHomePageTest" tests="1" failures="0" timestamp="08 Apr 2019 07:33:05 GMT" time="35.609" errors="0">
  <testcase name="filterHighToLow" time="35.609" classname="com.zoopla.test.ZooplaHomePageTest"/>
</testsuite> <!-- com.zoopla.test.ZooplaHomePageTest -->
