<?xml version="1.0" encoding="UTF-8"?>
<!-- Generated by org.testng.reporters.JUnitReportReporter -->
<testsuite skipped="0" hostname="DESKTOP-0LA27F3" name="com.zoopla.page.ZooplaHomePageTest" tests="1" failures="0" timestamp="08 Apr 2019 07:20:07 GMT" time="34.282" errors="0">
  <testcase name="filterHighToLow" time="34.282" classname="com.zoopla.page.ZooplaHomePageTest"/>
</testsuite> <!-- com.zoopla.page.ZooplaHomePageTest -->
